  Bat.cpp
D:\hoc\Game\CastleVania\Castlevania-master\Castlevania\TileLayer.h(29,24): warning C4018: '<': signed/unsigned mismatch
D:\hoc\Game\CastleVania\Castlevania-master\Castlevania\TileLayer.h(31,25): warning C4018: '<': signed/unsigned mismatch
  PlayScene.cpp
D:\hoc\Game\CastleVania\Castlevania-master\Castlevania\TileLayer.h(29,24): warning C4018: '<': signed/unsigned mismatch
D:\hoc\Game\CastleVania\Castlevania-master\Castlevania\TileLayer.h(31,25): warning C4018: '<': signed/unsigned mismatch
D:\hoc\Game\CastleVania\Castlevania-master\Castlevania\ItemCollection.h(21,1): warning C4005: 'MONEYBAG': macro redefinition
D:\hoc\Game\CastleVania\Castlevania-master\Castlevania\Item.h(11): message : see previous definition of 'MONEYBAG'
D:\hoc\Game\CastleVania\Castlevania-master\Castlevania\ItemCollection.h(22,1): warning C4005: 'CROWN': macro redefinition
D:\hoc\Game\CastleVania\Castlevania-master\Castlevania\Item.h(12): message : see previous definition of 'CROWN'
D:\hoc\Game\CastleVania\Castlevania-master\Castlevania\PlayScene.cpp(285,44): warning C4244: '=': conversion from 'float' to 'LONG', possible loss of data
D:\hoc\Game\CastleVania\Castlevania-master\Castlevania\PlayScene.cpp(286,43): warning C4244: '=': conversion from 'float' to 'LONG', possible loss of data
D:\hoc\Game\CastleVania\Castlevania-master\Castlevania\PlayScene.cpp(287,48): warning C4244: '=': conversion from 'float' to 'LONG', possible loss of data
D:\hoc\Game\CastleVania\Castlevania-master\Castlevania\PlayScene.cpp(288,49): warning C4244: '=': conversion from 'float' to 'LONG', possible loss of data
D:\hoc\Game\CastleVania\Castlevania-master\Castlevania\PlayScene.cpp(337,42): warning C4244: 'argument': conversion from 'int' to 'float', possible loss of data
D:\hoc\Game\CastleVania\Castlevania-master\Castlevania\PlayScene.cpp(338,41): warning C4244: 'argument': conversion from 'int' to 'float', possible loss of data
D:\hoc\Game\CastleVania\Castlevania-master\Castlevania\PlayScene.cpp(374,20): warning C4018: '<': signed/unsigned mismatch
D:\hoc\Game\CastleVania\Castlevania-master\Castlevania\PlayScene.cpp(397,20): warning C4018: '<': signed/unsigned mismatch
D:\hoc\Game\CastleVania\Castlevania-master\Castlevania\PlayScene.cpp(403,20): warning C4018: '<': signed/unsigned mismatch
D:\hoc\Game\CastleVania\Castlevania-master\Castlevania\PlayScene.cpp(423,58): warning C4244: 'argument': conversion from 'LONG' to 'float', possible loss of data
D:\hoc\Game\CastleVania\Castlevania-master\Castlevania\PlayScene.cpp(428,56): warning C4244: 'argument': conversion from 'LONG' to 'float', possible loss of data
D:\hoc\Game\CastleVania\Castlevania-master\Castlevania\PlayScene.cpp(446,20): warning C4018: '<': signed/unsigned mismatch
D:\hoc\Game\CastleVania\Castlevania-master\packages\rapidxml.1.13\build\native\include\rapidxml\rapidxml_utils.hpp(40,25): warning C4244: 'initializing': conversion from 'std::streamoff' to 'size_t', possible loss of data
D:\hoc\Game\CastleVania\Castlevania-master\packages\rapidxml.1.13\build\native\include\rapidxml\rapidxml_utils.hpp(28): message : while compiling class template member function 'rapidxml::file<char>::file(const char *)'
D:\hoc\Game\CastleVania\Castlevania-master\Castlevania\PlayScene.cpp(45): message : see reference to function template instantiation 'rapidxml::file<char>::file(const char *)' being compiled
D:\hoc\Game\CastleVania\Castlevania-master\Castlevania\PlayScene.cpp(45): message : see reference to class template instantiation 'rapidxml::file<char>' being compiled
  Generating Code...
  Castlevania.vcxproj -> D:\hoc\Game\CastleVania\Castlevania-master\Debug\Castlevania.exe
